<?xml version="1.0" encoding="UTF-8"?>
<testng-results skipped="0" failed="0" ignored="0" total="1" passed="1">
  <reporter-output>
  </reporter-output>
  <suite name="Default suite" duration-ms="4036" started-at="2021-01-04T09:34:12Z" finished-at="2021-01-04T09:34:16Z">
    <groups>
    </groups>
    <test name="Default test" duration-ms="4036" started-at="2021-01-04T09:34:12Z" finished-at="2021-01-04T09:34:16Z">
      <class name="com.home.project.LivePerson.GetEulaDetailsTestCase">
        <test-method status="PASS" signature="loadConfig()[pri:0, instance:com.home.project.LivePerson.GetEulaDetailsTestCase@1786dec2]" name="loadConfig" is-config="true" duration-ms="8" started-at="2021-01-04T09:34:11Z" finished-at="2021-01-04T09:34:12Z">
          <reporter-output>
          </reporter-output>
        </test-method> <!-- loadConfig -->
        <test-method status="PASS" signature="getEulaDeatailsForvalidtenant()[pri:0, instance:com.home.project.LivePerson.GetEulaDetailsTestCase@1786dec2]" name="getEulaDeatailsForvalidtenant" duration-ms="3882" started-at="2021-01-04T09:34:12Z" finished-at="2021-01-04T09:34:15Z">
          <reporter-output>
          </reporter-output>
        </test-method> <!-- getEulaDeatailsForvalidtenant -->
        <test-method status="PASS" signature="quit()[pri:0, instance:com.home.project.LivePerson.GetEulaDetailsTestCase@1786dec2]" name="quit" is-config="true" duration-ms="136" started-at="2021-01-04T09:34:15Z" finished-at="2021-01-04T09:34:16Z">
          <reporter-output>
          </reporter-output>
        </test-method> <!-- quit -->
      </class> <!-- com.home.project.LivePerson.GetEulaDetailsTestCase -->
    </test> <!-- Default test -->
  </suite> <!-- Default suite -->
</testng-results>
